 KPT            1  SPIN            1  KWEIGHT    1.0000000000000000     
<<<<<<< HEAD
     1   -15.564  2.00000
     2    -9.322  2.00000
     3    -9.084  2.00000
     4    -8.709  2.00000
     5     5.880  0.00000
     6     8.164  0.00000
     7    10.245  0.00000
     8    13.858  0.00000
=======
     1   -15.179  2.00000
     2    -9.403  2.00000
     3    -6.996  2.00000
     4    -6.681  2.00000
     5    -4.515  0.00000
     6    -3.943  0.00000
     7    -3.739  0.00000
     8    17.899  0.00000
>>>>>>> ad0a72eac1ab68c13c8d6d1ed31874c22bb490c3

